2024-04-18T10:10:14+00:00 ERROR Error getting data feed
2024-04-18T10:10:14+00:00 ERROR WP_Error Object
(
    [errors] => Array
        (
            [http_request_failed] => Array
                (
                    [0] => cURL error 35: error:0A000126:SSL routines::unexpected eof while reading
                )

        )

    [error_data] => Array
        (
        )

    [additional_data:protected] => Array
        (
        )

)

2024-04-18T10:10:16+00:00 ERROR Error getting data feed
2024-04-18T10:10:16+00:00 ERROR WP_Error Object
(
    [errors] => Array
        (
            [http_request_failed] => Array
                (
                    [0] => cURL error 35: error:0A000126:SSL routines::unexpected eof while reading
                )

        )

    [error_data] => Array
        (
        )

    [additional_data:protected] => Array
        (
        )

)

2024-04-18T10:11:32+00:00 ERROR Error getting data feed
2024-04-18T10:11:32+00:00 ERROR WP_Error Object
(
    [errors] => Array
        (
            [http_request_failed] => Array
                (
                    [0] => cURL error 35: error:0A000126:SSL routines::unexpected eof while reading
                )

        )

    [error_data] => Array
        (
        )

    [additional_data:protected] => Array
        (
        )

)

